/*C5*/SET SCHEMA PUBLIC
create table if not exists Pages (Id integer identity primary key, Name varchar(255) unique, Content clob)
/*C1*/SET SCHEMA SYSTEM_LOBS
INSERT INTO LOB_IDS VALUES(3,955,0,40)
ALTER SEQUENCE SYSTEM_LOBS.LOB_ID RESTART WITH 4
COMMIT
DELETE FROM BLOCKS WHERE BLOCK_ADDR=2
INSERT INTO BLOCKS VALUES(2,1,0)
INSERT INTO BLOCKS VALUES(3,2147483644,0)
DELETE FROM BLOCKS WHERE BLOCK_ADDR=2
INSERT INTO LOBS VALUES(2,1,0,3)
COMMIT
/*C5*/DELETE FROM PAGES WHERE ID=0
INSERT INTO PAGES VALUES(0,'Change Management',3)
SET SCHEMA SYSTEM_LOBS
DELETE FROM LOB_IDS WHERE LOB_ID=2
INSERT INTO LOB_IDS VALUES(2,955,0,40)
DELETE FROM LOB_IDS WHERE LOB_ID=3
INSERT INTO LOB_IDS VALUES(3,955,1,40)
COMMIT
/*C1*/INSERT INTO LOB_IDS VALUES(4,955,0,40)
ALTER SEQUENCE SYSTEM_LOBS.LOB_ID RESTART WITH 5
COMMIT
DELETE FROM BLOCKS WHERE BLOCK_ADDR=3
INSERT INTO BLOCKS VALUES(3,1,0)
INSERT INTO BLOCKS VALUES(4,2147483643,0)
DELETE FROM BLOCKS WHERE BLOCK_ADDR=3
INSERT INTO LOBS VALUES(3,1,0,4)
COMMIT
/*C5*/SET SCHEMA PUBLIC
DELETE FROM PAGES WHERE ID=0
INSERT INTO PAGES VALUES(0,'Change Management',4)
SET SCHEMA SYSTEM_LOBS
DELETE FROM LOB_IDS WHERE LOB_ID=3
INSERT INTO LOB_IDS VALUES(3,955,0,40)
DELETE FROM LOB_IDS WHERE LOB_ID=4
INSERT INTO LOB_IDS VALUES(4,955,1,40)
COMMIT
/*C1*/INSERT INTO LOB_IDS VALUES(5,976,0,40)
ALTER SEQUENCE SYSTEM_LOBS.LOB_ID RESTART WITH 6
COMMIT
DELETE FROM BLOCKS WHERE BLOCK_ADDR=4
INSERT INTO BLOCKS VALUES(4,1,0)
INSERT INTO BLOCKS VALUES(5,2147483642,0)
DELETE FROM BLOCKS WHERE BLOCK_ADDR=4
INSERT INTO LOBS VALUES(4,1,0,5)
COMMIT
/*C5*/SET SCHEMA PUBLIC
DELETE FROM PAGES WHERE ID=0
INSERT INTO PAGES VALUES(0,'Change Management',5)
SET SCHEMA SYSTEM_LOBS
DELETE FROM LOB_IDS WHERE LOB_ID=4
INSERT INTO LOB_IDS VALUES(4,955,0,40)
DELETE FROM LOB_IDS WHERE LOB_ID=5
INSERT INTO LOB_IDS VALUES(5,976,1,40)
COMMIT
/*C1*/INSERT INTO LOB_IDS VALUES(6,976,0,40)
ALTER SEQUENCE SYSTEM_LOBS.LOB_ID RESTART WITH 7
COMMIT
DELETE FROM BLOCKS WHERE BLOCK_ADDR=5
INSERT INTO BLOCKS VALUES(5,1,0)
INSERT INTO BLOCKS VALUES(6,2147483641,0)
DELETE FROM BLOCKS WHERE BLOCK_ADDR=5
INSERT INTO LOBS VALUES(5,1,0,6)
COMMIT
/*C5*/SET SCHEMA PUBLIC
DELETE FROM PAGES WHERE ID=0
INSERT INTO PAGES VALUES(0,'Change Management',6)
SET SCHEMA SYSTEM_LOBS
DELETE FROM LOB_IDS WHERE LOB_ID=5
INSERT INTO LOB_IDS VALUES(5,976,0,40)
DELETE FROM LOB_IDS WHERE LOB_ID=6
INSERT INTO LOB_IDS VALUES(6,976,1,40)
COMMIT
/*C1*/INSERT INTO LOB_IDS VALUES(7,34,0,40)
ALTER SEQUENCE SYSTEM_LOBS.LOB_ID RESTART WITH 8
COMMIT
DELETE FROM BLOCKS WHERE BLOCK_ADDR=6
INSERT INTO BLOCKS VALUES(6,1,0)
INSERT INTO BLOCKS VALUES(7,2147483640,0)
DELETE FROM BLOCKS WHERE BLOCK_ADDR=6
INSERT INTO LOBS VALUES(6,1,0,7)
COMMIT
/*C5*/SET SCHEMA PUBLIC
INSERT INTO PAGES VALUES(1,'test',7)
SET SCHEMA SYSTEM_LOBS
DELETE FROM LOB_IDS WHERE LOB_ID=7
INSERT INTO LOB_IDS VALUES(7,34,1,40)
COMMIT
/*C1*/INSERT INTO LOB_IDS VALUES(8,56,0,40)
ALTER SEQUENCE SYSTEM_LOBS.LOB_ID RESTART WITH 9
COMMIT
DELETE FROM BLOCKS WHERE BLOCK_ADDR=7
INSERT INTO BLOCKS VALUES(7,1,0)
INSERT INTO BLOCKS VALUES(8,2147483639,0)
DELETE FROM BLOCKS WHERE BLOCK_ADDR=7
INSERT INTO LOBS VALUES(7,1,0,8)
COMMIT
/*C5*/SET SCHEMA PUBLIC
DELETE FROM PAGES WHERE ID=1
INSERT INTO PAGES VALUES(1,'test',8)
SET SCHEMA SYSTEM_LOBS
DELETE FROM LOB_IDS WHERE LOB_ID=7
INSERT INTO LOB_IDS VALUES(7,34,0,40)
DELETE FROM LOB_IDS WHERE LOB_ID=8
INSERT INTO LOB_IDS VALUES(8,56,1,40)
COMMIT
/*C1*/INSERT INTO LOB_IDS VALUES(9,62,0,40)
ALTER SEQUENCE SYSTEM_LOBS.LOB_ID RESTART WITH 10
COMMIT
DELETE FROM BLOCKS WHERE BLOCK_ADDR=8
INSERT INTO BLOCKS VALUES(8,1,0)
INSERT INTO BLOCKS VALUES(9,2147483638,0)
DELETE FROM BLOCKS WHERE BLOCK_ADDR=8
INSERT INTO LOBS VALUES(8,1,0,9)
COMMIT
/*C5*/SET SCHEMA PUBLIC
DELETE FROM PAGES WHERE ID=1
INSERT INTO PAGES VALUES(1,'test',9)
SET SCHEMA SYSTEM_LOBS
DELETE FROM LOB_IDS WHERE LOB_ID=8
INSERT INTO LOB_IDS VALUES(8,56,0,40)
DELETE FROM LOB_IDS WHERE LOB_ID=9
INSERT INTO LOB_IDS VALUES(9,62,1,40)
COMMIT
/*C7*/SET SCHEMA PUBLIC
DISCONNECT
/*C6*/SET SCHEMA PUBLIC
DISCONNECT
/*C5*/SET SCHEMA PUBLIC
DISCONNECT
